{"C:\\Users\\Instructor3\\Desktop\\personal\\Laboratoria\\LIM012-fe-md-links\\src\\utils.js": {"path":"C:\\Users\\Instructor3\\Desktop\\personal\\Laboratoria\\LIM012-fe-md-links\\src\\utils.js","statementMap":{"0":{"start":{"line":1,"column":11},"end":{"line":1,"column":24}},"1":{"start":{"line":2,"column":13},"end":{"line":2,"column":28}},"2":{"start":{"line":3,"column":14},"end":{"line":3,"column":30}},"3":{"start":{"line":4,"column":14},"end":{"line":4,"column":35}},"4":{"start":{"line":6,"column":18},"end":{"line":6,"column":60}},"5":{"start":{"line":7,"column":18},"end":{"line":7,"column":49}},"6":{"start":{"line":8,"column":18},"end":{"line":8,"column":28}},"7":{"start":{"line":10,"column":20},"end":{"line":16,"column":1}},"8":{"start":{"line":11,"column":21},"end":{"line":11,"column":38}},"9":{"start":{"line":12,"column":2},"end":{"line":14,"column":3}},"10":{"start":{"line":13,"column":4},"end":{"line":13,"column":58}},"11":{"start":{"line":15,"column":2},"end":{"line":15,"column":22}},"12":{"start":{"line":18,"column":21},"end":{"line":24,"column":1}},"13":{"start":{"line":19,"column":22},"end":{"line":19,"column":49}},"14":{"start":{"line":20,"column":2},"end":{"line":22,"column":3}},"15":{"start":{"line":21,"column":4},"end":{"line":21,"column":95}},"16":{"start":{"line":23,"column":2},"end":{"line":23,"column":21}},"17":{"start":{"line":26,"column":32},"end":{"line":41,"column":1}},"18":{"start":{"line":27,"column":23},"end":{"line":27,"column":25}},"19":{"start":{"line":28,"column":2},"end":{"line":39,"column":5}},"20":{"start":{"line":29,"column":31},"end":{"line":29,"column":59}},"21":{"start":{"line":30,"column":19},"end":{"line":30,"column":59}},"22":{"start":{"line":31,"column":4},"end":{"line":38,"column":5}},"23":{"start":{"line":32,"column":6},"end":{"line":34,"column":7}},"24":{"start":{"line":33,"column":8},"end":{"line":33,"column":48}},"25":{"start":{"line":36,"column":26},"end":{"line":36,"column":69}},"26":{"start":{"line":37,"column":6},"end":{"line":37,"column":58}},"27":{"start":{"line":40,"column":2},"end":{"line":40,"column":24}},"28":{"start":{"line":43,"column":22},"end":{"line":51,"column":1}},"29":{"start":{"line":44,"column":21},"end":{"line":44,"column":23}},"30":{"start":{"line":45,"column":28},"end":{"line":45,"column":68}},"31":{"start":{"line":46,"column":2},"end":{"line":49,"column":3}},"32":{"start":{"line":47,"column":4},"end":{"line":47,"column":54}},"33":{"start":{"line":48,"column":4},"end":{"line":48,"column":24}},"34":{"start":{"line":50,"column":2},"end":{"line":50,"column":22}},"35":{"start":{"line":53,"column":16},"end":{"line":53,"column":70}},"36":{"start":{"line":53,"column":27},"end":{"line":53,"column":70}},"37":{"start":{"line":53,"column":54},"end":{"line":53,"column":69}},"38":{"start":{"line":55,"column":24},"end":{"line":66,"column":1}},"39":{"start":{"line":56,"column":14},"end":{"line":56,"column":16}},"40":{"start":{"line":57,"column":2},"end":{"line":64,"column":3}},"41":{"start":{"line":58,"column":27},"end":{"line":58,"column":64}},"42":{"start":{"line":59,"column":4},"end":{"line":61,"column":5}},"43":{"start":{"line":60,"column":6},"end":{"line":60,"column":69}},"44":{"start":{"line":60,"column":49},"end":{"line":60,"column":66}},"45":{"start":{"line":63,"column":4},"end":{"line":63,"column":40}},"46":{"start":{"line":65,"column":2},"end":{"line":65,"column":15}},"47":{"start":{"line":68,"column":20},"end":{"line":83,"column":1}},"48":{"start":{"line":69,"column":25},"end":{"line":69,"column":27}},"49":{"start":{"line":70,"column":2},"end":{"line":81,"column":3}},"50":{"start":{"line":71,"column":4},"end":{"line":79,"column":7}},"51":{"start":{"line":72,"column":19},"end":{"line":72,"column":43}},"52":{"start":{"line":73,"column":18},"end":{"line":73,"column":42}},"53":{"start":{"line":74,"column":6},"end":{"line":78,"column":9}},"54":{"start":{"line":80,"column":4},"end":{"line":80,"column":26}},"55":{"start":{"line":82,"column":2},"end":{"line":82,"column":24}},"56":{"start":{"line":85,"column":22},"end":{"line":98,"column":2}},"57":{"start":{"line":85,"column":47},"end":{"line":98,"column":2}},"58":{"start":{"line":86,"column":26},"end":{"line":86,"column":48}},"59":{"start":{"line":87,"column":24},"end":{"line":87,"column":66}},"60":{"start":{"line":87,"column":55},"end":{"line":87,"column":64}},"61":{"start":{"line":88,"column":24},"end":{"line":88,"column":62}},"62":{"start":{"line":88,"column":51},"end":{"line":88,"column":61}},"63":{"start":{"line":89,"column":2},"end":{"line":97,"column":19}},"64":{"start":{"line":91,"column":6},"end":{"line":94,"column":9}},"65":{"start":{"line":92,"column":8},"end":{"line":92,"column":56}},"66":{"start":{"line":93,"column":8},"end":{"line":93,"column":64}},"67":{"start":{"line":95,"column":6},"end":{"line":95,"column":31}},"68":{"start":{"line":100,"column":0},"end":{"line":108,"column":2}}},"fnMap":{"0":{"name":"(anonymous_0)","decl":{"start":{"line":10,"column":20},"end":{"line":10,"column":21}},"loc":{"start":{"line":10,"column":43},"end":{"line":16,"column":1}},"line":10},"1":{"name":"(anonymous_1)","decl":{"start":{"line":18,"column":21},"end":{"line":18,"column":22}},"loc":{"start":{"line":18,"column":39},"end":{"line":24,"column":1}},"line":18},"2":{"name":"(anonymous_2)","decl":{"start":{"line":26,"column":32},"end":{"line":26,"column":33}},"loc":{"start":{"line":26,"column":50},"end":{"line":41,"column":1}},"line":26},"3":{"name":"(anonymous_3)","decl":{"start":{"line":28,"column":39},"end":{"line":28,"column":40}},"loc":{"start":{"line":28,"column":52},"end":{"line":39,"column":3}},"line":28},"4":{"name":"(anonymous_4)","decl":{"start":{"line":43,"column":22},"end":{"line":43,"column":23}},"loc":{"start":{"line":43,"column":40},"end":{"line":51,"column":1}},"line":43},"5":{"name":"(anonymous_5)","decl":{"start":{"line":53,"column":16},"end":{"line":53,"column":17}},"loc":{"start":{"line":53,"column":27},"end":{"line":53,"column":70}},"line":53},"6":{"name":"(anonymous_6)","decl":{"start":{"line":53,"column":40},"end":{"line":53,"column":41}},"loc":{"start":{"line":53,"column":54},"end":{"line":53,"column":69}},"line":53},"7":{"name":"(anonymous_7)","decl":{"start":{"line":55,"column":24},"end":{"line":55,"column":25}},"loc":{"start":{"line":55,"column":42},"end":{"line":66,"column":1}},"line":55},"8":{"name":"(anonymous_8)","decl":{"start":{"line":60,"column":41},"end":{"line":60,"column":42}},"loc":{"start":{"line":60,"column":49},"end":{"line":60,"column":66}},"line":60},"9":{"name":"(anonymous_9)","decl":{"start":{"line":68,"column":20},"end":{"line":68,"column":21}},"loc":{"start":{"line":68,"column":50},"end":{"line":83,"column":1}},"line":68},"10":{"name":"(anonymous_10)","decl":{"start":{"line":71,"column":18},"end":{"line":71,"column":19}},"loc":{"start":{"line":71,"column":28},"end":{"line":79,"column":5}},"line":71},"11":{"name":"(anonymous_11)","decl":{"start":{"line":85,"column":22},"end":{"line":85,"column":23}},"loc":{"start":{"line":85,"column":47},"end":{"line":98,"column":2}},"line":85},"12":{"name":"(anonymous_12)","decl":{"start":{"line":85,"column":59},"end":{"line":85,"column":60}},"loc":{"start":{"line":85,"column":80},"end":{"line":98,"column":1}},"line":85},"13":{"name":"(anonymous_13)","decl":{"start":{"line":87,"column":44},"end":{"line":87,"column":45}},"loc":{"start":{"line":87,"column":55},"end":{"line":87,"column":64}},"line":87},"14":{"name":"(anonymous_14)","decl":{"start":{"line":88,"column":42},"end":{"line":88,"column":43}},"loc":{"start":{"line":88,"column":51},"end":{"line":88,"column":61}},"line":88},"15":{"name":"(anonymous_15)","decl":{"start":{"line":90,"column":10},"end":{"line":90,"column":11}},"loc":{"start":{"line":90,"column":25},"end":{"line":96,"column":5}},"line":90},"16":{"name":"(anonymous_16)","decl":{"start":{"line":91,"column":24},"end":{"line":91,"column":25}},"loc":{"start":{"line":91,"column":45},"end":{"line":94,"column":7}},"line":91}},"branchMap":{"0":{"loc":{"start":{"line":12,"column":2},"end":{"line":14,"column":3}},"type":"if","locations":[{"start":{"line":12,"column":2},"end":{"line":14,"column":3}},{"start":{"line":12,"column":2},"end":{"line":14,"column":3}}],"line":12},"1":{"loc":{"start":{"line":20,"column":2},"end":{"line":22,"column":3}},"type":"if","locations":[{"start":{"line":20,"column":2},"end":{"line":22,"column":3}},{"start":{"line":20,"column":2},"end":{"line":22,"column":3}}],"line":20},"2":{"loc":{"start":{"line":31,"column":4},"end":{"line":38,"column":5}},"type":"if","locations":[{"start":{"line":31,"column":4},"end":{"line":38,"column":5}},{"start":{"line":31,"column":4},"end":{"line":38,"column":5}}],"line":31},"3":{"loc":{"start":{"line":32,"column":6},"end":{"line":34,"column":7}},"type":"if","locations":[{"start":{"line":32,"column":6},"end":{"line":34,"column":7}},{"start":{"line":32,"column":6},"end":{"line":34,"column":7}}],"line":32},"4":{"loc":{"start":{"line":46,"column":2},"end":{"line":49,"column":3}},"type":"if","locations":[{"start":{"line":46,"column":2},"end":{"line":49,"column":3}},{"start":{"line":46,"column":2},"end":{"line":49,"column":3}}],"line":46},"5":{"loc":{"start":{"line":57,"column":2},"end":{"line":64,"column":3}},"type":"if","locations":[{"start":{"line":57,"column":2},"end":{"line":64,"column":3}},{"start":{"line":57,"column":2},"end":{"line":64,"column":3}}],"line":57},"6":{"loc":{"start":{"line":59,"column":4},"end":{"line":61,"column":5}},"type":"if","locations":[{"start":{"line":59,"column":4},"end":{"line":61,"column":5}},{"start":{"line":59,"column":4},"end":{"line":61,"column":5}}],"line":59},"7":{"loc":{"start":{"line":70,"column":2},"end":{"line":81,"column":3}},"type":"if","locations":[{"start":{"line":70,"column":2},"end":{"line":81,"column":3}},{"start":{"line":70,"column":2},"end":{"line":81,"column":3}}],"line":70},"8":{"loc":{"start":{"line":85,"column":23},"end":{"line":85,"column":42}},"type":"default-arg","locations":[{"start":{"line":85,"column":40},"end":{"line":85,"column":42}}],"line":85}},"s":{"0":1,"1":1,"2":1,"3":1,"4":1,"5":1,"6":1,"7":1,"8":2,"9":2,"10":1,"11":2,"12":1,"13":2,"14":2,"15":1,"16":1,"17":1,"18":8,"19":8,"20":18,"21":18,"22":18,"23":14,"24":10,"25":4,"26":4,"27":8,"28":1,"29":9,"30":9,"31":9,"32":3,"33":3,"34":6,"35":1,"36":1,"37":4,"38":1,"39":4,"40":4,"41":2,"42":2,"43":1,"44":5,"45":2,"46":4,"47":1,"48":2,"49":2,"50":1,"51":8,"52":8,"53":8,"54":1,"55":1,"56":1,"57":2,"58":2,"59":2,"60":8,"61":2,"62":8,"63":2,"64":2,"65":8,"66":8,"67":2,"68":1},"f":{"0":2,"1":2,"2":8,"3":18,"4":9,"5":1,"6":4,"7":4,"8":5,"9":2,"10":8,"11":2,"12":2,"13":8,"14":8,"15":2,"16":8},"b":{"0":[1,1],"1":[1,1],"2":[14,4],"3":[10,4],"4":[3,6],"5":[2,2],"6":[1,1],"7":[1,1],"8":[1]},"_coverageSchema":"1a1c01bbd47fc00a2c39e90264f33305004495a9","hash":"fdd4707a78941314c77ca4c5a77e709ad7f05e28"}
,"C:\\Users\\Instructor3\\Desktop\\personal\\Laboratoria\\LIM012-fe-md-links\\tests\\mock-data.js": {"path":"C:\\Users\\Instructor3\\Desktop\\personal\\Laboratoria\\LIM012-fe-md-links\\tests\\mock-data.js","statementMap":{"0":{"start":{"line":1,"column":14},"end":{"line":1,"column":30}},"1":{"start":{"line":3,"column":16},"end":{"line":3,"column":80}},"2":{"start":{"line":5,"column":16},"end":{"line":5,"column":53}},"3":{"start":{"line":7,"column":15},"end":{"line":7,"column":33}},"4":{"start":{"line":9,"column":17},"end":{"line":9,"column":53}},"5":{"start":{"line":11,"column":19},"end":{"line":11,"column":37}},"6":{"start":{"line":13,"column":18},"end":{"line":13,"column":45}},"7":{"start":{"line":15,"column":16},"end":{"line":21,"column":1}},"8":{"start":{"line":23,"column":17},"end":{"line":31,"column":35}},"9":{"start":{"line":33,"column":23},"end":{"line":74,"column":1}},"10":{"start":{"line":76,"column":23},"end":{"line":133,"column":1}},"11":{"start":{"line":135,"column":0},"end":{"line":146,"column":2}}},"fnMap":{},"branchMap":{},"s":{"0":1,"1":1,"2":1,"3":1,"4":1,"5":1,"6":1,"7":1,"8":1,"9":1,"10":1,"11":1},"f":{},"b":{},"_coverageSchema":"1a1c01bbd47fc00a2c39e90264f33305004495a9","hash":"02d1904802ffaf29a8fe0156c1f3dc051312028e"}
}
