{"C:\\Users\\Instructor3\\Desktop\\personal\\Laboratoria\\LIM012-fe-md-links\\src\\utils.js": {"path":"C:\\Users\\Instructor3\\Desktop\\personal\\Laboratoria\\LIM012-fe-md-links\\src\\utils.js","statementMap":{"0":{"start":{"line":1,"column":11},"end":{"line":1,"column":24}},"1":{"start":{"line":2,"column":13},"end":{"line":2,"column":28}},"2":{"start":{"line":3,"column":14},"end":{"line":3,"column":30}},"3":{"start":{"line":4,"column":14},"end":{"line":4,"column":35}},"4":{"start":{"line":6,"column":18},"end":{"line":6,"column":60}},"5":{"start":{"line":7,"column":18},"end":{"line":7,"column":49}},"6":{"start":{"line":8,"column":18},"end":{"line":8,"column":28}},"7":{"start":{"line":10,"column":20},"end":{"line":16,"column":1}},"8":{"start":{"line":11,"column":21},"end":{"line":11,"column":38}},"9":{"start":{"line":12,"column":2},"end":{"line":14,"column":3}},"10":{"start":{"line":13,"column":4},"end":{"line":13,"column":58}},"11":{"start":{"line":15,"column":2},"end":{"line":15,"column":22}},"12":{"start":{"line":18,"column":21},"end":{"line":24,"column":1}},"13":{"start":{"line":19,"column":22},"end":{"line":19,"column":49}},"14":{"start":{"line":20,"column":2},"end":{"line":22,"column":3}},"15":{"start":{"line":21,"column":4},"end":{"line":21,"column":95}},"16":{"start":{"line":23,"column":2},"end":{"line":23,"column":21}},"17":{"start":{"line":26,"column":32},"end":{"line":41,"column":1}},"18":{"start":{"line":27,"column":23},"end":{"line":27,"column":25}},"19":{"start":{"line":28,"column":2},"end":{"line":39,"column":5}},"20":{"start":{"line":29,"column":31},"end":{"line":29,"column":59}},"21":{"start":{"line":30,"column":19},"end":{"line":30,"column":59}},"22":{"start":{"line":31,"column":4},"end":{"line":38,"column":5}},"23":{"start":{"line":32,"column":6},"end":{"line":34,"column":7}},"24":{"start":{"line":33,"column":8},"end":{"line":33,"column":48}},"25":{"start":{"line":36,"column":26},"end":{"line":36,"column":69}},"26":{"start":{"line":37,"column":6},"end":{"line":37,"column":58}},"27":{"start":{"line":40,"column":2},"end":{"line":40,"column":24}},"28":{"start":{"line":43,"column":22},"end":{"line":51,"column":1}},"29":{"start":{"line":44,"column":21},"end":{"line":44,"column":23}},"30":{"start":{"line":45,"column":28},"end":{"line":45,"column":68}},"31":{"start":{"line":46,"column":2},"end":{"line":49,"column":3}},"32":{"start":{"line":47,"column":4},"end":{"line":47,"column":54}},"33":{"start":{"line":48,"column":4},"end":{"line":48,"column":24}},"34":{"start":{"line":50,"column":2},"end":{"line":50,"column":22}},"35":{"start":{"line":53,"column":16},"end":{"line":53,"column":70}},"36":{"start":{"line":53,"column":27},"end":{"line":53,"column":70}},"37":{"start":{"line":53,"column":54},"end":{"line":53,"column":69}},"38":{"start":{"line":55,"column":24},"end":{"line":64,"column":1}},"39":{"start":{"line":56,"column":14},"end":{"line":56,"column":16}},"40":{"start":{"line":57,"column":2},"end":{"line":62,"column":3}},"41":{"start":{"line":58,"column":27},"end":{"line":58,"column":64}},"42":{"start":{"line":59,"column":4},"end":{"line":59,"column":67}},"43":{"start":{"line":59,"column":47},"end":{"line":59,"column":64}},"44":{"start":{"line":61,"column":4},"end":{"line":61,"column":40}},"45":{"start":{"line":63,"column":2},"end":{"line":63,"column":15}},"46":{"start":{"line":66,"column":20},"end":{"line":81,"column":1}},"47":{"start":{"line":67,"column":25},"end":{"line":67,"column":27}},"48":{"start":{"line":68,"column":2},"end":{"line":79,"column":3}},"49":{"start":{"line":69,"column":4},"end":{"line":77,"column":7}},"50":{"start":{"line":70,"column":19},"end":{"line":70,"column":43}},"51":{"start":{"line":71,"column":18},"end":{"line":71,"column":42}},"52":{"start":{"line":72,"column":6},"end":{"line":76,"column":9}},"53":{"start":{"line":78,"column":4},"end":{"line":78,"column":26}},"54":{"start":{"line":80,"column":2},"end":{"line":80,"column":24}},"55":{"start":{"line":83,"column":22},"end":{"line":96,"column":2}},"56":{"start":{"line":83,"column":42},"end":{"line":96,"column":2}},"57":{"start":{"line":84,"column":26},"end":{"line":84,"column":48}},"58":{"start":{"line":85,"column":24},"end":{"line":85,"column":66}},"59":{"start":{"line":85,"column":55},"end":{"line":85,"column":64}},"60":{"start":{"line":86,"column":24},"end":{"line":86,"column":62}},"61":{"start":{"line":86,"column":51},"end":{"line":86,"column":61}},"62":{"start":{"line":87,"column":2},"end":{"line":95,"column":33}},"63":{"start":{"line":89,"column":6},"end":{"line":92,"column":9}},"64":{"start":{"line":90,"column":8},"end":{"line":90,"column":56}},"65":{"start":{"line":91,"column":8},"end":{"line":91,"column":64}},"66":{"start":{"line":93,"column":6},"end":{"line":93,"column":31}},"67":{"start":{"line":95,"column":20},"end":{"line":95,"column":31}},"68":{"start":{"line":98,"column":0},"end":{"line":106,"column":2}}},"fnMap":{"0":{"name":"(anonymous_0)","decl":{"start":{"line":10,"column":20},"end":{"line":10,"column":21}},"loc":{"start":{"line":10,"column":43},"end":{"line":16,"column":1}},"line":10},"1":{"name":"(anonymous_1)","decl":{"start":{"line":18,"column":21},"end":{"line":18,"column":22}},"loc":{"start":{"line":18,"column":39},"end":{"line":24,"column":1}},"line":18},"2":{"name":"(anonymous_2)","decl":{"start":{"line":26,"column":32},"end":{"line":26,"column":33}},"loc":{"start":{"line":26,"column":50},"end":{"line":41,"column":1}},"line":26},"3":{"name":"(anonymous_3)","decl":{"start":{"line":28,"column":39},"end":{"line":28,"column":40}},"loc":{"start":{"line":28,"column":52},"end":{"line":39,"column":3}},"line":28},"4":{"name":"(anonymous_4)","decl":{"start":{"line":43,"column":22},"end":{"line":43,"column":23}},"loc":{"start":{"line":43,"column":40},"end":{"line":51,"column":1}},"line":43},"5":{"name":"(anonymous_5)","decl":{"start":{"line":53,"column":16},"end":{"line":53,"column":17}},"loc":{"start":{"line":53,"column":27},"end":{"line":53,"column":70}},"line":53},"6":{"name":"(anonymous_6)","decl":{"start":{"line":53,"column":40},"end":{"line":53,"column":41}},"loc":{"start":{"line":53,"column":54},"end":{"line":53,"column":69}},"line":53},"7":{"name":"(anonymous_7)","decl":{"start":{"line":55,"column":24},"end":{"line":55,"column":25}},"loc":{"start":{"line":55,"column":42},"end":{"line":64,"column":1}},"line":55},"8":{"name":"(anonymous_8)","decl":{"start":{"line":59,"column":39},"end":{"line":59,"column":40}},"loc":{"start":{"line":59,"column":47},"end":{"line":59,"column":64}},"line":59},"9":{"name":"(anonymous_9)","decl":{"start":{"line":66,"column":20},"end":{"line":66,"column":21}},"loc":{"start":{"line":66,"column":57},"end":{"line":81,"column":1}},"line":66},"10":{"name":"(anonymous_10)","decl":{"start":{"line":69,"column":25},"end":{"line":69,"column":26}},"loc":{"start":{"line":69,"column":35},"end":{"line":77,"column":5}},"line":69},"11":{"name":"(anonymous_11)","decl":{"start":{"line":83,"column":22},"end":{"line":83,"column":23}},"loc":{"start":{"line":83,"column":42},"end":{"line":96,"column":2}},"line":83},"12":{"name":"(anonymous_12)","decl":{"start":{"line":83,"column":54},"end":{"line":83,"column":55}},"loc":{"start":{"line":83,"column":75},"end":{"line":96,"column":1}},"line":83},"13":{"name":"(anonymous_13)","decl":{"start":{"line":85,"column":44},"end":{"line":85,"column":45}},"loc":{"start":{"line":85,"column":55},"end":{"line":85,"column":64}},"line":85},"14":{"name":"(anonymous_14)","decl":{"start":{"line":86,"column":42},"end":{"line":86,"column":43}},"loc":{"start":{"line":86,"column":51},"end":{"line":86,"column":61}},"line":86},"15":{"name":"(anonymous_15)","decl":{"start":{"line":88,"column":10},"end":{"line":88,"column":11}},"loc":{"start":{"line":88,"column":25},"end":{"line":94,"column":5}},"line":88},"16":{"name":"(anonymous_16)","decl":{"start":{"line":89,"column":24},"end":{"line":89,"column":25}},"loc":{"start":{"line":89,"column":45},"end":{"line":92,"column":7}},"line":89},"17":{"name":"(anonymous_17)","decl":{"start":{"line":95,"column":11},"end":{"line":95,"column":12}},"loc":{"start":{"line":95,"column":20},"end":{"line":95,"column":31}},"line":95}},"branchMap":{"0":{"loc":{"start":{"line":12,"column":2},"end":{"line":14,"column":3}},"type":"if","locations":[{"start":{"line":12,"column":2},"end":{"line":14,"column":3}},{"start":{"line":12,"column":2},"end":{"line":14,"column":3}}],"line":12},"1":{"loc":{"start":{"line":20,"column":2},"end":{"line":22,"column":3}},"type":"if","locations":[{"start":{"line":20,"column":2},"end":{"line":22,"column":3}},{"start":{"line":20,"column":2},"end":{"line":22,"column":3}}],"line":20},"2":{"loc":{"start":{"line":31,"column":4},"end":{"line":38,"column":5}},"type":"if","locations":[{"start":{"line":31,"column":4},"end":{"line":38,"column":5}},{"start":{"line":31,"column":4},"end":{"line":38,"column":5}}],"line":31},"3":{"loc":{"start":{"line":32,"column":6},"end":{"line":34,"column":7}},"type":"if","locations":[{"start":{"line":32,"column":6},"end":{"line":34,"column":7}},{"start":{"line":32,"column":6},"end":{"line":34,"column":7}}],"line":32},"4":{"loc":{"start":{"line":46,"column":2},"end":{"line":49,"column":3}},"type":"if","locations":[{"start":{"line":46,"column":2},"end":{"line":49,"column":3}},{"start":{"line":46,"column":2},"end":{"line":49,"column":3}}],"line":46},"5":{"loc":{"start":{"line":57,"column":2},"end":{"line":62,"column":3}},"type":"if","locations":[{"start":{"line":57,"column":2},"end":{"line":62,"column":3}},{"start":{"line":57,"column":2},"end":{"line":62,"column":3}}],"line":57},"6":{"loc":{"start":{"line":68,"column":2},"end":{"line":79,"column":3}},"type":"if","locations":[{"start":{"line":68,"column":2},"end":{"line":79,"column":3}},{"start":{"line":68,"column":2},"end":{"line":79,"column":3}}],"line":68}},"s":{"0":1,"1":1,"2":1,"3":1,"4":1,"5":1,"6":1,"7":1,"8":2,"9":2,"10":1,"11":2,"12":1,"13":2,"14":2,"15":1,"16":1,"17":1,"18":4,"19":4,"20":9,"21":9,"22":9,"23":7,"24":5,"25":2,"26":2,"27":4,"28":1,"29":2,"30":2,"31":2,"32":1,"33":1,"34":1,"35":1,"36":0,"37":0,"38":1,"39":0,"40":0,"41":0,"42":0,"43":0,"44":0,"45":0,"46":1,"47":2,"48":2,"49":2,"50":0,"51":0,"52":0,"53":0,"54":0,"55":1,"56":1,"57":1,"58":1,"59":8,"60":1,"61":8,"62":1,"63":1,"64":8,"65":8,"66":1,"67":0,"68":1},"f":{"0":2,"1":2,"2":4,"3":9,"4":2,"5":0,"6":0,"7":0,"8":0,"9":2,"10":0,"11":1,"12":1,"13":8,"14":8,"15":1,"16":8,"17":0},"b":{"0":[1,1],"1":[1,1],"2":[7,2],"3":[5,2],"4":[1,1],"5":[0,0],"6":[2,0]},"_coverageSchema":"1a1c01bbd47fc00a2c39e90264f33305004495a9","hash":"c61e65e71c1de39139fc4ffd5a172e918a9c5163"}
,"C:\\Users\\Instructor3\\Desktop\\personal\\Laboratoria\\LIM012-fe-md-links\\tests\\mock-data.js": {"path":"C:\\Users\\Instructor3\\Desktop\\personal\\Laboratoria\\LIM012-fe-md-links\\tests\\mock-data.js","statementMap":{"0":{"start":{"line":1,"column":19},"end":{"line":1,"column":123}},"1":{"start":{"line":3,"column":19},"end":{"line":3,"column":56}},"2":{"start":{"line":5,"column":15},"end":{"line":5,"column":33}},"3":{"start":{"line":7,"column":17},"end":{"line":7,"column":53}},"4":{"start":{"line":9,"column":19},"end":{"line":9,"column":37}},"5":{"start":{"line":11,"column":18},"end":{"line":11,"column":112}},"6":{"start":{"line":13,"column":16},"end":{"line":19,"column":1}},"7":{"start":{"line":21,"column":17},"end":{"line":29,"column":35}},"8":{"start":{"line":31,"column":21},"end":{"line":72,"column":1}},"9":{"start":{"line":74,"column":22},"end":{"line":131,"column":1}},"10":{"start":{"line":133,"column":0},"end":{"line":144,"column":2}}},"fnMap":{},"branchMap":{},"s":{"0":1,"1":1,"2":1,"3":1,"4":1,"5":1,"6":1,"7":1,"8":1,"9":1,"10":1},"f":{},"b":{},"_coverageSchema":"1a1c01bbd47fc00a2c39e90264f33305004495a9","hash":"81d768ee2e7800bfdfde22ed12f80664414b37e6"}
}
