TN:
SF:src\utils.js
FN:10,(anonymous_0)
FN:18,(anonymous_1)
FN:26,(anonymous_2)
FN:36,(anonymous_3)
FN:39,(anonymous_4)
FN:53,(anonymous_5)
FN:53,(anonymous_6)
FN:55,(anonymous_7)
FN:56,(anonymous_8)
FN:58,(anonymous_9)
FN:59,(anonymous_10)
FN:65,(anonymous_11)
FNF:12
FNH:11
FNDA:2,(anonymous_0)
FNDA:2,(anonymous_1)
FNDA:2,(anonymous_2)
FNDA:2,(anonymous_3)
FNDA:8,(anonymous_4)
FNDA:1,(anonymous_5)
FNDA:1,(anonymous_6)
FNDA:8,(anonymous_7)
FNDA:8,(anonymous_8)
FNDA:1,(anonymous_9)
FNDA:8,(anonymous_10)
FNDA:0,(anonymous_11)
DA:1,1
DA:2,1
DA:3,1
DA:4,1
DA:6,1
DA:7,1
DA:8,1
DA:10,1
DA:11,2
DA:12,2
DA:13,1
DA:15,2
DA:18,1
DA:19,2
DA:20,2
DA:21,1
DA:23,1
DA:26,1
DA:27,2
DA:28,2
DA:29,2
DA:30,1
DA:31,1
DA:33,1
DA:36,1
DA:37,2
DA:38,2
DA:39,1
DA:40,8
DA:41,8
DA:42,8
DA:48,1
DA:50,1
DA:53,1
DA:54,1
DA:55,8
DA:56,8
DA:57,1
DA:59,1
DA:60,8
DA:61,8
DA:63,1
DA:65,0
DA:68,1
LF:44
LH:43
BRDA:12,0,0,1
BRDA:12,0,1,1
BRDA:20,1,0,1
BRDA:20,1,1,1
BRDA:29,2,0,1
BRDA:29,2,1,1
BRDA:38,3,0,1
BRDA:38,3,1,1
BRF:8
BRH:8
end_of_record
TN:
SF:tests\mock-data.js
FNF:0
FNH:0
DA:1,1
DA:3,1
DA:5,1
DA:7,1
DA:9,1
DA:19,1
DA:62,1
DA:121,1
LF:8
LH:8
BRF:0
BRH:0
end_of_record
